[13:46:41] [Thread-4/INFO]: Setting user: Crios
[13:46:43] [Client thread/INFO]: LWJGL Version: 2.9.1
[13:46:44] [Client thread/ERROR]: Couldn't initialize twitch stream
[13:46:53] [Client thread/INFO]: Reloading ResourceManager: Default, FMLFileResourcePack:Forge Mod Loader, FMLFileResourcePack:Minecraft Forge, FMLFileResourcePack:Not Enough Items, FMLFileResourcePack:bspkrsCore, FMLFileResourcePack:ArmorStatusHUD, FMLFileResourcePack:CustomNpcs, FMLFileResourcePack:DirectionHUD, FMLFileResourcePack:Iron Chest, FMLFileResourcePack:NodiaMod, FMLFileResourcePack:StatusEffectHUD
[13:46:55] [Sound Library Loader/INFO]: Sound engine started
[13:46:55] [Client thread/INFO]: Created: 16x16 textures/blocks-atlas
[13:46:55] [Client thread/INFO]: Created: 16x16 textures/items-atlas
[13:46:57] [Client thread/INFO]: Reloading ResourceManager: Default, FMLFileResourcePack:Forge Mod Loader, FMLFileResourcePack:Minecraft Forge, FMLFileResourcePack:Not Enough Items, FMLFileResourcePack:bspkrsCore, FMLFileResourcePack:ArmorStatusHUD, FMLFileResourcePack:CustomNpcs, FMLFileResourcePack:DirectionHUD, FMLFileResourcePack:Iron Chest, FMLFileResourcePack:NodiaMod, FMLFileResourcePack:StatusEffectHUD
[13:46:57] [Client thread/INFO]: Created: 512x256 textures/blocks-atlas
[13:46:58] [Client thread/INFO]: Created: 1024x512 textures/items-atlas
[13:46:59] [Sound Library Loader/INFO]: Sound engine started
[13:47:00] [Thread-15/INFO]: [CHAT] §2CustomNpcs§f installed. For more info §9§nClick here
[13:47:02] [Client thread/WARN]: Unable to play unknown soundEvent: minecraft:gui.button.press
[13:47:03] [Client thread/WARN]: Unable to play unknown soundEvent: minecraft:gui.button.press
[13:47:05] [Client thread/WARN]: Unable to play unknown soundEvent: minecraft:gui.button.press
[13:47:06] [Client thread/WARN]: Unable to play unknown soundEvent: minecraft:music.menu
[13:47:15] [Client thread/WARN]: Unable to play unknown soundEvent: minecraft:gui.button.press
[13:47:15] [Client thread/WARN]: Unable to play unknown soundEvent: minecraft:gui.button.press
[13:47:16] [Client thread/WARN]: Unable to play unknown soundEvent: minecraft:gui.button.press
[13:47:16] [Client thread/WARN]: Unable to play unknown soundEvent: minecraft:gui.button.press
[13:47:17] [Server thread/INFO]: Starting integrated minecraft server version 1.7.10
[13:47:17] [Server thread/INFO]: Generating keypair
[13:47:17] [Server thread/INFO]: Converting map!
[13:47:17] [Server thread/INFO]: Scanning folders...
[13:47:17] [Server thread/INFO]: Total conversion count is 0
[13:47:18] [Server thread/INFO]: Preparing start region for level 0
[13:47:19] [Server thread/INFO]: Preparing spawn area: 9%
[13:47:20] [Server thread/INFO]: Preparing spawn area: 21%
[13:47:21] [Server thread/INFO]: Preparing spawn area: 37%
[13:47:22] [Server thread/INFO]: Preparing spawn area: 55%
[13:47:23] [Server thread/INFO]: Preparing spawn area: 69%
[13:47:24] [Server thread/INFO]: Preparing spawn area: 84%
[13:47:25] [Server thread/INFO]: Preparing spawn area: 99%
[13:47:25] [Server thread/INFO]: Changing view distance to 12, from 10
[13:47:26] [Server thread/INFO]: Crios[local:E:0495c9da] logged in with entity id 264 at (9.5, 69.0, 249.5)
[13:47:26] [Server thread/INFO]: Crios joined the game
[13:47:27] [Server thread/INFO]: Saving and pausing game...
[13:47:27] [Server thread/INFO]: Saving chunks for level 'DEVELOPEMENT'/Overworld
[13:47:30] [Server thread/INFO]: Saving chunks for level 'DEVELOPEMENT'/Nether
[13:47:30] [Server thread/INFO]: Saving chunks for level 'DEVELOPEMENT'/The End
[13:47:30] [Server thread/WARN]: Can't keep up! Did the system time change, or is the server overloaded? Running 3263ms behind, skipping 65 tick(s)
[13:47:32] [Client thread/WARN]: Unable to play unknown soundEvent: minecraft:gui.button.press
[13:47:32] [Client thread/INFO]: [CHAT] Version 1.0.7.47 of CodeChickenCore is available
[13:47:32] [Client thread/INFO]: [CHAT] Version 1.0.5.120 of NotEnoughItems is available
[13:47:35] [Client thread/WARN]: Unable to play unknown soundEvent: minecraft:mob.sheep.say
[13:47:35] [Client thread/WARN]: Unable to play unknown soundEvent: minecraft:mob.sheep.say
[13:47:35] [Client thread/INFO]: Warning: Clientside chunk ticking took 180 ms
[13:47:35] [Client thread/WARN]: Unable to play unknown soundEvent: minecraft:mob.bat.takeoff
[13:47:35] [Client thread/WARN]: Unable to play unknown soundEvent: minecraft:mob.sheep.say
[13:47:35] [Client thread/WARN]: Unable to play unknown soundEvent: minecraft:mob.sheep.say
[13:47:36] [Client thread/INFO]: Warning: Clientside chunk ticking took 271 ms
[13:47:36] [Client thread/WARN]: Unable to play unknown soundEvent: minecraft:liquid.water
[13:47:36] [Client thread/WARN]: Unable to play unknown soundEvent: minecraft:mob.sheep.say
[13:47:36] [Client thread/WARN]: Unable to play unknown soundEvent: minecraft:mob.sheep.say
[13:47:40] [Client thread/WARN]: Unable to play unknown soundEvent: minecraft:mob.sheep.say
[13:47:40] [Client thread/INFO]: Warning: Clientside chunk ticking took 109 ms
[13:47:42] [Client thread/WARN]: Unable to play unknown soundEvent: minecraft:music.game.creative
[13:47:42] [Client thread/INFO]: Warning: Clientside chunk ticking took 149 ms
[13:47:44] [Client thread/INFO]: Warning: Clientside chunk ticking took 219 ms
[13:47:44] [Client thread/INFO]: Warning: Clientside chunk ticking took 158 ms
[13:47:45] [Client thread/INFO]: Warning: Clientside chunk ticking took 202 ms
[13:47:45] [Client thread/INFO]: Warning: Clientside chunk ticking took 157 ms
[13:47:45] [Client thread/INFO]: Warning: Clientside chunk ticking took 158 ms
[13:47:45] [Client thread/INFO]: Warning: Clientside chunk ticking took 137 ms
[13:47:45] [Client thread/INFO]: Warning: Clientside chunk ticking took 123 ms
[13:47:45] [Client thread/WARN]: Unable to play unknown soundEvent: minecraft:mob.sheep.say
[13:47:46] [Client thread/INFO]: Warning: Clientside chunk ticking took 150 ms
[13:47:46] [Client thread/WARN]: Unable to play unknown soundEvent: minecraft:mob.bat.takeoff
[13:47:46] [Client thread/INFO]: Warning: Clientside chunk ticking took 127 ms
[13:47:47] [Client thread/INFO]: Warning: Clientside chunk ticking took 160 ms
[13:47:48] [Client thread/INFO]: Warning: Clientside chunk ticking took 110 ms
[13:47:50] [Server thread/INFO]: Crios has just earned the achievement [Taking Inventory]
[13:47:50] [Client thread/INFO]: [CHAT] Crios has just earned the achievement [Taking Inventory]
[13:47:50] [Client thread/INFO]: Warning: Clientside chunk ticking took 149 ms
[13:47:51] [Client thread/INFO]: Warning: Clientside chunk ticking took 173 ms
[13:47:51] [Server thread/WARN]: Can't keep up! Did the system time change, or is the server overloaded? Running 7278ms behind, skipping 145 tick(s)
[13:47:51] [Client thread/INFO]: Warning: Clientside chunk ticking took 338 ms
[13:47:52] [Client thread/INFO]: Warning: Clientside chunk ticking took 334 ms
[13:47:53] [Client thread/INFO]: Warning: Clientside chunk ticking took 150 ms
[13:47:54] [Client thread/WARN]: Unable to play unknown soundEvent: minecraft:dig.grass
[13:47:54] [Client thread/WARN]: Unable to play unknown soundEvent: minecraft:dig.grass
[13:47:57] [Client thread/INFO]: Warning: Clientside chunk ticking took 145 ms
[13:47:58] [Server thread/INFO]: Saving and pausing game...
[13:47:58] [Server thread/INFO]: Saving chunks for level 'DEVELOPEMENT'/Overworld
[13:47:58] [Server thread/INFO]: Saving chunks for level 'DEVELOPEMENT'/Nether
[13:47:58] [Server thread/INFO]: Saving chunks for level 'DEVELOPEMENT'/The End
[13:48:00] [Client thread/INFO]: Warning: Clientside chunk ticking took 160 ms
[13:48:01] [Client thread/INFO]: Warning: Clientside chunk ticking took 145 ms
[13:48:01] [Client thread/INFO]: Warning: Clientside chunk ticking took 150 ms
[13:48:02] [Client thread/INFO]: Warning: Clientside chunk ticking took 244 ms
[13:48:02] [Client thread/WARN]: Unable to play unknown soundEvent: minecraft:dig.grass
[13:48:03] [Client thread/INFO]: Warning: Clientside chunk ticking took 114 ms
[13:48:05] [Client thread/INFO]: Warning: Clientside chunk ticking took 136 ms
[13:48:05] [Client thread/WARN]: Unable to play unknown soundEvent: minecraft:dig.grass
[13:48:06] [Client thread/INFO]: Warning: Clientside chunk ticking took 135 ms
[13:48:07] [Client thread/INFO]: Warning: Clientside chunk ticking took 158 ms
[13:48:10] [Client thread/INFO]: Warning: Clientside chunk ticking took 141 ms
[13:48:12] [Client thread/INFO]: Warning: Clientside chunk ticking took 132 ms
[13:48:12] [Client thread/INFO]: Warning: Clientside chunk ticking took 171 ms
[13:48:13] [Client thread/INFO]: Warning: Clientside chunk ticking took 161 ms
[13:48:14] [Client thread/WARN]: Unable to play unknown soundEvent: minecraft:dig.grass
[13:48:15] [Client thread/INFO]: Warning: Clientside chunk ticking took 161 ms
[13:48:15] [Server thread/INFO]: Saving and pausing game...
[13:48:15] [Server thread/INFO]: Saving chunks for level 'DEVELOPEMENT'/Overworld
[13:48:15] [Server thread/INFO]: Saving chunks for level 'DEVELOPEMENT'/Nether
[13:48:15] [Server thread/INFO]: Saving chunks for level 'DEVELOPEMENT'/The End
[13:48:18] [Client thread/INFO]: Stopping!
[13:48:18] [Server thread/INFO]: Stopping server
[13:48:18] [Server thread/INFO]: Saving players
[13:48:18] [Server thread/INFO]: Saving worlds
[13:48:18] [Server thread/INFO]: Saving chunks for level 'DEVELOPEMENT'/Overworld
[13:48:18] [Server thread/INFO]: Saving chunks for level 'DEVELOPEMENT'/Nether
[13:48:18] [Server thread/INFO]: Saving chunks for level 'DEVELOPEMENT'/The End
