[15:48:42] [Thread-4/DEBUG] [FML/]: Injecting tracing printstreams for STDOUT/STDERR.
[15:48:42] [Thread-4/INFO] [FML/]: Forge Mod Loader version 7.99.36.1558 for Minecraft 1.7.10 loading
[15:48:42] [Thread-4/INFO] [FML/]: Java is Java HotSpot(TM) 64-Bit Server VM, version 1.8.0_201, running on Windows 10:amd64:10.0, installed at C:\Program Files\Java\jre1.8.0_201
[15:48:42] [Thread-4/DEBUG] [FML/]: Java classpath at launch is C:\Users\Nero\AppData\Roaming\.NodiaV1\Launcher\Libs\AuthMineweb_1.3.7.jar;C:\Users\Nero\AppData\Roaming\.NodiaV1\Launcher\Libs\gson-2.8.2(1).jar;C:\Users\Nero\AppData\Roaming\.NodiaV1\Launcher\Libs\openlauncherlib-3.0.4.jar;C:\Users\Nero\AppData\Roaming\.NodiaV1\Launcher\Libs\s-update-3.1.0-BETA.jar;C:\Users\Nero\AppData\Roaming\.NodiaV1\Launcher\Libs\swinger-1.0.0-BETA.jar;C:\Users\Nero\AppData\Roaming\.NodiaV1\Launcher\launcher.jar
[15:48:42] [Thread-4/DEBUG] [FML/]: Java library path at launch is C:\Users\Nero\AppData\Roaming\.NodiaV1\natives
[15:48:42] [Thread-4/DEBUG] [FML/]: Enabling runtime deobfuscation
[15:48:42] [Thread-4/DEBUG] [FML/]: Instantiating coremod class FMLCorePlugin
[15:48:42] [Thread-4/DEBUG] [FML/]: Added access transformer class cpw.mods.fml.common.asm.transformers.AccessTransformer to enqueued access transformers
[15:48:42] [Thread-4/DEBUG] [FML/]: Enqueued coremod FMLCorePlugin
[15:48:42] [Thread-4/DEBUG] [FML/]: Instantiating coremod class FMLForgePlugin
[15:48:42] [Thread-4/DEBUG] [FML/]: Added access transformer class net.minecraftforge.transformers.ForgeAccessTransformer to enqueued access transformers
[15:48:42] [Thread-4/DEBUG] [FML/]: Enqueued coremod FMLForgePlugin
[15:48:42] [Thread-4/DEBUG] [FML/]: All fundamental core mods are successfully located
[15:48:42] [Thread-4/DEBUG] [FML/]: Attempting to load commandline specified mods, relative to C:\Users\Nero\AppData\Roaming\.NodiaV1
[15:48:42] [Thread-4/DEBUG] [FML/]: Discovering coremods
[15:48:42] [Thread-4/DEBUG] [FML/]: Examining for coremod candidacy [1.7.10]bspkrsCore-universal-6.15.jar
[15:48:42] [Thread-4/DEBUG] [FML/]: Not found coremod data in [1.7.10]bspkrsCore-universal-6.15.jar
[15:48:42] [Thread-4/DEBUG] [FML/]: Examining for coremod candidacy ArmorStatusHUD-Mod-1.7.10.jar
[15:48:42] [Thread-4/DEBUG] [FML/]: Not found coremod data in ArmorStatusHUD-Mod-1.7.10.jar
[15:48:42] [Thread-4/DEBUG] [FML/]: Examining for coremod candidacy CodeChickenCore-1.7.10-1.0.4.29-universal.jar
[15:48:42] [Thread-4/TRACE] [FML/]: Adding CodeChickenCore-1.7.10-1.0.4.29-universal.jar to the list of known coremods, it will not be examined again
[15:48:42] [Thread-4/DEBUG] [FML/]: Instantiating coremod class CodeChickenCorePlugin
[15:48:42] [Thread-4/WARN] [FML/]: The coremod codechicken.core.launch.CodeChickenCorePlugin does not have a MCVersion annotation, it may cause issues with this version of Minecraft
[15:48:42] [Thread-4/DEBUG] [FML/]: Added access transformer class codechicken.core.asm.CodeChickenAccessTransformer to enqueued access transformers
[15:48:42] [Thread-4/DEBUG] [FML/]: Enqueued coremod CodeChickenCorePlugin
[15:48:42] [Thread-4/DEBUG] [FML/]: Examining for coremod candidacy CodeChickenLib-1.7.10-1.1.1.99-universal.jar
[15:48:42] [Thread-4/DEBUG] [FML/]: Not found coremod data in CodeChickenLib-1.7.10-1.1.1.99-universal.jar
[15:48:42] [Thread-4/DEBUG] [FML/]: Examining for coremod candidacy CustomNPCs_1.7.10d(29oct17).jar
[15:48:42] [Thread-4/DEBUG] [FML/]: Not found coremod data in CustomNPCs_1.7.10d(29oct17).jar
[15:48:42] [Thread-4/DEBUG] [FML/]: Examining for coremod candidacy DirectionHUD-Mod-1.7.10.jar
[15:48:42] [Thread-4/DEBUG] [FML/]: Not found coremod data in DirectionHUD-Mod-1.7.10.jar
[15:48:42] [Thread-4/DEBUG] [FML/]: Examining for coremod candidacy ironchest-1.7.10-6.0.62.742-universal.jar
[15:48:42] [Thread-4/DEBUG] [FML/]: Not found coremod data in ironchest-1.7.10-6.0.62.742-universal.jar
[15:48:42] [Thread-4/DEBUG] [FML/]: Examining for coremod candidacy java-discord-rpc-2.0.1-all.jar
[15:48:42] [Thread-4/DEBUG] [FML/]: Not found coremod data in java-discord-rpc-2.0.1-all.jar
[15:48:42] [Thread-4/DEBUG] [FML/]: Examining for coremod candidacy nodiamod-0.3.5.jar
[15:48:42] [Thread-4/DEBUG] [FML/]: Not found coremod data in nodiamod-0.3.5.jar
[15:48:42] [Thread-4/DEBUG] [FML/]: Examining for coremod candidacy NotEnoughItems-1.7.10-1.0.3.74-universal.jar
[15:48:42] [Thread-4/TRACE] [FML/]: Adding NotEnoughItems-1.7.10-1.0.3.74-universal.jar to the list of known coremods, it will not be examined again
[15:48:42] [Thread-4/DEBUG] [FML/]: Instantiating coremod class NEICorePlugin
[15:48:42] [Thread-4/WARN] [FML/]: The coremod codechicken.nei.asm.NEICorePlugin does not have a MCVersion annotation, it may cause issues with this version of Minecraft
[15:48:42] [Thread-4/DEBUG] [FML/]: Enqueued coremod NEICorePlugin
[15:48:42] [Thread-4/DEBUG] [FML/]: Examining for coremod candidacy StatusEffectHUD-Mod-1.7.10.jar
[15:48:42] [Thread-4/DEBUG] [FML/]: Not found coremod data in StatusEffectHUD-Mod-1.7.10.jar
[15:48:42] [Thread-4/INFO] [LaunchWrapper/]: Loading tweak class name cpw.mods.fml.common.launcher.FMLInjectionAndSortingTweaker
[15:48:42] [Thread-4/INFO] [LaunchWrapper/]: Loading tweak class name cpw.mods.fml.common.launcher.FMLDeobfTweaker
[15:48:42] [Thread-4/INFO] [LaunchWrapper/]: Calling tweak class cpw.mods.fml.common.launcher.FMLInjectionAndSortingTweaker
[15:48:42] [Thread-4/INFO] [LaunchWrapper/]: Calling tweak class cpw.mods.fml.common.launcher.FMLInjectionAndSortingTweaker
[15:48:42] [Thread-4/INFO] [LaunchWrapper/]: Calling tweak class cpw.mods.fml.relauncher.CoreModManager$FMLPluginWrapper
[15:48:42] [Thread-4/DEBUG] [FML/]: Injecting coremod FMLCorePlugin {cpw.mods.fml.relauncher.FMLCorePlugin} class transformers
[15:48:42] [Thread-4/TRACE] [FML/]: Registering transformer cpw.mods.fml.common.asm.transformers.MarkerTransformer
[15:48:42] [Thread-4/TRACE] [FML/]: Registering transformer cpw.mods.fml.common.asm.transformers.SideTransformer
[15:48:42] [Thread-4/TRACE] [FML/]: Registering transformer cpw.mods.fml.common.asm.transformers.EventSubscriptionTransformer
[15:48:42] [Thread-4/DEBUG] [FML/]: Injection complete
[15:48:42] [Thread-4/DEBUG] [FML/]: Running coremod plugin for FMLCorePlugin {cpw.mods.fml.relauncher.FMLCorePlugin}
[15:48:42] [Thread-4/DEBUG] [FML/]: Running coremod plugin FMLCorePlugin
[15:48:43] [Thread-4/DEBUG] [FML/]: Read 527 binary patches
[15:48:43] [Thread-4/WARN] [LaunchWrapper/]: Problem loading class
java.lang.SecurityException: SHA-256 digest error for blg.class
	at sun.security.util.ManifestEntryVerifier.verify(Unknown Source) ~[?:1.8.0_201]
	at java.util.jar.JarVerifier.processEntry(Unknown Source) ~[?:1.8.0_201]
	at java.util.jar.JarVerifier.update(Unknown Source) ~[?:1.8.0_201]
	at java.util.jar.JarVerifier$VerifierStream.read(Unknown Source) ~[?:1.8.0_201]
	at java.io.FilterInputStream.read(Unknown Source) ~[?:1.8.0_201]
	at net.minecraft.launchwrapper.LaunchClassLoader.readFully(LaunchClassLoader.java:301) [launchwrapper-1.12.jar:?]
	at net.minecraft.launchwrapper.LaunchClassLoader.getClassBytes(LaunchClassLoader.java:373) [launchwrapper-1.12.jar:?]
	at cpw.mods.fml.common.patcher.ClassPatchManager.getPatchedResource(ClassPatchManager.java:60) [forge-1.7.10-10.13.4.1558-1.7.10.jar:?]
	at cpw.mods.fml.common.asm.transformers.deobf.FMLDeobfuscatingRemapper.getFieldType(FMLDeobfuscatingRemapper.java:193) [forge-1.7.10-10.13.4.1558-1.7.10.jar:?]
	at cpw.mods.fml.common.asm.transformers.deobf.FMLDeobfuscatingRemapper.parseField(FMLDeobfuscatingRemapper.java:170) [forge-1.7.10-10.13.4.1558-1.7.10.jar:?]
	at cpw.mods.fml.common.asm.transformers.deobf.FMLDeobfuscatingRemapper.setup(FMLDeobfuscatingRemapper.java:139) [forge-1.7.10-10.13.4.1558-1.7.10.jar:?]
	at cpw.mods.fml.common.asm.FMLSanityChecker.injectData(FMLSanityChecker.java:182) [FMLSanityChecker.class:?]
	at cpw.mods.fml.relauncher.CoreModManager$FMLPluginWrapper.injectIntoClassLoader(CoreModManager.java:132) [forge-1.7.10-10.13.4.1558-1.7.10.jar:?]
	at net.minecraft.launchwrapper.Launch.launch(Launch.java:115) [launchwrapper-1.12.jar:?]
	at net.minecraft.launchwrapper.Launch.main(Launch.java:28) [launchwrapper-1.12.jar:?]
	at sun.reflect.NativeMethodAccessorImpl.invoke0(Native Method) ~[?:1.8.0_201]
	at sun.reflect.NativeMethodAccessorImpl.invoke(Unknown Source) ~[?:1.8.0_201]
	at sun.reflect.DelegatingMethodAccessorImpl.invoke(Unknown Source) ~[?:1.8.0_201]
	at java.lang.reflect.Method.invoke(Unknown Source) ~[?:1.8.0_201]
	at fr.theshark34.openlauncherlib.internal.InternalLauncher.launch(InternalLauncher.java:173) [openlauncherlib-3.0.4.jar:?]
	at fr.criosdu79.nodia.launcher.Launcher.launch(Launcher.java:90) [Launcher.jar:?]
	at fr.criosdu79.nodia.launcher.LauncherPanel$2.run(LauncherPanel.java:147) [Launcher.jar:?]
[15:48:43] [Thread-4/ERROR] [LaunchWrapper/]: Unable to launch
java.lang.RuntimeException: java.lang.ArrayIndexOutOfBoundsException: 6
	at cpw.mods.fml.relauncher.CoreModManager$FMLPluginWrapper.injectIntoClassLoader(CoreModManager.java:137) ~[forge-1.7.10-10.13.4.1558-1.7.10.jar:?]
	at net.minecraft.launchwrapper.Launch.launch(Launch.java:115) [launchwrapper-1.12.jar:?]
	at net.minecraft.launchwrapper.Launch.main(Launch.java:28) [launchwrapper-1.12.jar:?]
	at sun.reflect.NativeMethodAccessorImpl.invoke0(Native Method) ~[?:1.8.0_201]
	at sun.reflect.NativeMethodAccessorImpl.invoke(Unknown Source) ~[?:1.8.0_201]
	at sun.reflect.DelegatingMethodAccessorImpl.invoke(Unknown Source) ~[?:1.8.0_201]
	at java.lang.reflect.Method.invoke(Unknown Source) ~[?:1.8.0_201]
	at fr.theshark34.openlauncherlib.internal.InternalLauncher.launch(InternalLauncher.java:173) [openlauncherlib-3.0.4.jar:?]
	at fr.criosdu79.nodia.launcher.Launcher.launch(Launcher.java:90) [Launcher.jar:?]
	at fr.criosdu79.nodia.launcher.LauncherPanel$2.run(LauncherPanel.java:147) [Launcher.jar:?]
Caused by: java.lang.ArrayIndexOutOfBoundsException: 6
	at org.objectweb.asm.ClassReader.readShort(Unknown Source) ~[asm-all-5.0.3.jar:5.0.3]
	at org.objectweb.asm.ClassReader.<init>(Unknown Source) ~[asm-all-5.0.3.jar:5.0.3]
	at org.objectweb.asm.ClassReader.<init>(Unknown Source) ~[asm-all-5.0.3.jar:5.0.3]
	at cpw.mods.fml.common.asm.transformers.deobf.FMLDeobfuscatingRemapper.getFieldType(FMLDeobfuscatingRemapper.java:198) ~[forge-1.7.10-10.13.4.1558-1.7.10.jar:?]
	at cpw.mods.fml.common.asm.transformers.deobf.FMLDeobfuscatingRemapper.parseField(FMLDeobfuscatingRemapper.java:170) ~[forge-1.7.10-10.13.4.1558-1.7.10.jar:?]
	at cpw.mods.fml.common.asm.transformers.deobf.FMLDeobfuscatingRemapper.setup(FMLDeobfuscatingRemapper.java:139) ~[forge-1.7.10-10.13.4.1558-1.7.10.jar:?]
	at cpw.mods.fml.common.asm.FMLSanityChecker.injectData(FMLSanityChecker.java:182) ~[forge-1.7.10-10.13.4.1558-1.7.10.jar:?]
	at cpw.mods.fml.relauncher.CoreModManager$FMLPluginWrapper.injectIntoClassLoader(CoreModManager.java:132) ~[forge-1.7.10-10.13.4.1558-1.7.10.jar:?]
	... 9 more
[15:48:43] [Thread-4/INFO] [STDERR/]: [java.lang.Throwable$WrappedPrintStream:println:-1]: fr.theshark34.openlauncherlib.LaunchException: Invoked method returned an exception
[15:48:43] [Thread-4/INFO] [STDERR/]: [java.lang.Throwable$WrappedPrintStream:println:-1]: 	at fr.theshark34.openlauncherlib.internal.InternalLauncher.launch(InternalLauncher.java:183)
[15:48:43] [Thread-4/INFO] [STDERR/]: [java.lang.Throwable$WrappedPrintStream:println:-1]: 	at fr.criosdu79.nodia.launcher.Launcher.launch(Launcher.java:90)
[15:48:43] [Thread-4/INFO] [STDERR/]: [java.lang.Throwable$WrappedPrintStream:println:-1]: 	at fr.criosdu79.nodia.launcher.LauncherPanel$2.run(LauncherPanel.java:147)
[15:48:43] [Thread-4/INFO] [STDERR/]: [java.lang.Throwable$WrappedPrintStream:println:-1]: Caused by: cpw.mods.fml.relauncher.FMLSecurityManager$ExitTrappedException
[15:48:43] [Thread-4/INFO] [STDERR/]: [java.lang.Throwable$WrappedPrintStream:println:-1]: 	at cpw.mods.fml.relauncher.FMLSecurityManager.checkPermission(FMLSecurityManager.java:25)
[15:48:43] [Thread-4/INFO] [STDERR/]: [java.lang.Throwable$WrappedPrintStream:println:-1]: 	at java.lang.SecurityManager.checkExit(Unknown Source)
[15:48:43] [Thread-4/INFO] [STDERR/]: [java.lang.Throwable$WrappedPrintStream:println:-1]: 	at java.lang.Runtime.exit(Unknown Source)
[15:48:43] [Thread-4/INFO] [STDERR/]: [java.lang.Throwable$WrappedPrintStream:println:-1]: 	at java.lang.System.exit(Unknown Source)
[15:48:43] [Thread-4/INFO] [STDERR/]: [java.lang.Throwable$WrappedPrintStream:println:-1]: 	at net.minecraft.launchwrapper.Launch.launch(Launch.java:138)
[15:48:43] [Thread-4/INFO] [STDERR/]: [java.lang.Throwable$WrappedPrintStream:println:-1]: 	at net.minecraft.launchwrapper.Launch.main(Launch.java:28)
[15:48:43] [Thread-4/INFO] [STDERR/]: [java.lang.Throwable$WrappedPrintStream:println:-1]: 	at sun.reflect.NativeMethodAccessorImpl.invoke0(Native Method)
[15:48:43] [Thread-4/INFO] [STDERR/]: [java.lang.Throwable$WrappedPrintStream:println:-1]: 	at sun.reflect.NativeMethodAccessorImpl.invoke(Unknown Source)
[15:48:43] [Thread-4/INFO] [STDERR/]: [java.lang.Throwable$WrappedPrintStream:println:-1]: 	at sun.reflect.DelegatingMethodAccessorImpl.invoke(Unknown Source)
[15:48:43] [Thread-4/INFO] [STDERR/]: [java.lang.Throwable$WrappedPrintStream:println:-1]: 	at java.lang.reflect.Method.invoke(Unknown Source)
[15:48:43] [Thread-4/INFO] [STDERR/]: [java.lang.Throwable$WrappedPrintStream:println:-1]: 	at fr.theshark34.openlauncherlib.internal.InternalLauncher.launch(InternalLauncher.java:173)
[15:48:43] [Thread-4/INFO] [STDERR/]: [java.lang.Throwable$WrappedPrintStream:println:-1]: 	... 2 more
