[13:34:10] [Thread-4/INFO] [LaunchWrapper]: Loading tweak class name cpw.mods.fml.common.launcher.FMLTweaker
[13:34:10] [Thread-4/INFO] [LaunchWrapper]: Using primary tweak class name cpw.mods.fml.common.launcher.FMLTweaker
[13:34:10] [Thread-4/INFO] [LaunchWrapper]: Calling tweak class cpw.mods.fml.common.launcher.FMLTweaker
[13:46:38] [Thread-4/INFO] [LaunchWrapper]: Loading tweak class name cpw.mods.fml.common.launcher.FMLTweaker
[13:46:38] [Thread-4/INFO] [LaunchWrapper]: Using primary tweak class name cpw.mods.fml.common.launcher.FMLTweaker
[13:46:38] [Thread-4/INFO] [LaunchWrapper]: Calling tweak class cpw.mods.fml.common.launcher.FMLTweaker
[15:33:27] [Thread-4/INFO] [LaunchWrapper]: Loading tweak class name cpw.mods.fml.common.launcher.FMLTweaker
[15:33:27] [Thread-4/INFO] [LaunchWrapper]: Using primary tweak class name cpw.mods.fml.common.launcher.FMLTweaker
[15:33:27] [Thread-4/INFO] [LaunchWrapper]: Calling tweak class cpw.mods.fml.common.launcher.FMLTweaker
[15:37:00] [AWT-EventQueue-0/INFO] [STDERR]: [java.lang.Throwable$WrappedPrintStream:println:-1]: cpw.mods.fml.relauncher.FMLSecurityManager$ExitTrappedException
[15:37:00] [AWT-EventQueue-0/INFO] [STDERR]: [java.lang.Throwable$WrappedPrintStream:println:-1]: 	at cpw.mods.fml.relauncher.FMLSecurityManager.checkPermission(FMLSecurityManager.java:25)
[15:37:00] [AWT-EventQueue-0/INFO] [STDERR]: [java.lang.Throwable$WrappedPrintStream:println:-1]: 	at java.lang.SecurityManager.checkExit(Unknown Source)
[15:37:00] [AWT-EventQueue-0/INFO] [STDERR]: [java.lang.Throwable$WrappedPrintStream:println:-1]: 	at java.lang.Runtime.exit(Unknown Source)
[15:37:00] [AWT-EventQueue-0/INFO] [STDERR]: [java.lang.Throwable$WrappedPrintStream:println:-1]: 	at java.lang.System.exit(Unknown Source)
[15:37:00] [AWT-EventQueue-0/INFO] [STDERR]: [java.lang.Throwable$WrappedPrintStream:println:-1]: 	at javax.swing.JFrame.processWindowEvent(Unknown Source)
[15:37:00] [AWT-EventQueue-0/INFO] [STDERR]: [java.lang.Throwable$WrappedPrintStream:println:-1]: 	at java.awt.Window.processEvent(Unknown Source)
[15:37:00] [AWT-EventQueue-0/INFO] [STDERR]: [java.lang.Throwable$WrappedPrintStream:println:-1]: 	at java.awt.Component.dispatchEventImpl(Unknown Source)
[15:37:00] [AWT-EventQueue-0/INFO] [STDERR]: [java.lang.Throwable$WrappedPrintStream:println:-1]: 	at java.awt.Container.dispatchEventImpl(Unknown Source)
[15:37:00] [AWT-EventQueue-0/INFO] [STDERR]: [java.lang.Throwable$WrappedPrintStream:println:-1]: 	at java.awt.Window.dispatchEventImpl(Unknown Source)
[15:37:00] [AWT-EventQueue-0/INFO] [STDERR]: [java.lang.Throwable$WrappedPrintStream:println:-1]: 	at java.awt.Component.dispatchEvent(Unknown Source)
[15:37:00] [AWT-EventQueue-0/INFO] [STDERR]: [java.lang.Throwable$WrappedPrintStream:println:-1]: 	at java.awt.EventQueue.dispatchEventImpl(Unknown Source)
[15:37:00] [AWT-EventQueue-0/INFO] [STDERR]: [java.lang.Throwable$WrappedPrintStream:println:-1]: 	at java.awt.EventQueue.access$500(Unknown Source)
[15:37:00] [AWT-EventQueue-0/INFO] [STDERR]: [java.lang.Throwable$WrappedPrintStream:println:-1]: 	at java.awt.EventQueue$3.run(Unknown Source)
[15:37:00] [AWT-EventQueue-0/INFO] [STDERR]: [java.lang.Throwable$WrappedPrintStream:println:-1]: 	at java.awt.EventQueue$3.run(Unknown Source)
[15:37:00] [AWT-EventQueue-0/INFO] [STDERR]: [java.lang.Throwable$WrappedPrintStream:println:-1]: 	at java.security.AccessController.doPrivileged(Native Method)
[15:37:00] [AWT-EventQueue-0/INFO] [STDERR]: [java.lang.Throwable$WrappedPrintStream:println:-1]: 	at java.security.ProtectionDomain$JavaSecurityAccessImpl.doIntersectionPrivilege(Unknown Source)
[15:37:00] [AWT-EventQueue-0/INFO] [STDERR]: [java.lang.Throwable$WrappedPrintStream:println:-1]: 	at java.security.ProtectionDomain$JavaSecurityAccessImpl.doIntersectionPrivilege(Unknown Source)
[15:37:00] [AWT-EventQueue-0/INFO] [STDERR]: [java.lang.Throwable$WrappedPrintStream:println:-1]: 	at java.awt.EventQueue$4.run(Unknown Source)
[15:37:00] [AWT-EventQueue-0/INFO] [STDERR]: [java.lang.Throwable$WrappedPrintStream:println:-1]: 	at java.awt.EventQueue$4.run(Unknown Source)
[15:37:00] [AWT-EventQueue-0/INFO] [STDERR]: [java.lang.Throwable$WrappedPrintStream:println:-1]: 	at java.security.AccessController.doPrivileged(Native Method)
[15:37:00] [AWT-EventQueue-0/INFO] [STDERR]: [java.lang.Throwable$WrappedPrintStream:println:-1]: 	at java.security.ProtectionDomain$JavaSecurityAccessImpl.doIntersectionPrivilege(Unknown Source)
[15:37:00] [AWT-EventQueue-0/INFO] [STDERR]: [java.lang.Throwable$WrappedPrintStream:println:-1]: 	at java.awt.EventQueue.dispatchEvent(Unknown Source)
[15:37:00] [AWT-EventQueue-0/INFO] [STDERR]: [java.lang.Throwable$WrappedPrintStream:println:-1]: 	at java.awt.EventDispatchThread.pumpOneEventForFilters(Unknown Source)
[15:37:00] [AWT-EventQueue-0/INFO] [STDERR]: [java.lang.Throwable$WrappedPrintStream:println:-1]: 	at java.awt.EventDispatchThread.pumpEventsForFilter(Unknown Source)
[15:37:00] [AWT-EventQueue-0/INFO] [STDERR]: [java.lang.Throwable$WrappedPrintStream:println:-1]: 	at java.awt.EventDispatchThread.pumpEventsForHierarchy(Unknown Source)
[15:37:00] [AWT-EventQueue-0/INFO] [STDERR]: [java.lang.Throwable$WrappedPrintStream:println:-1]: 	at java.awt.EventDispatchThread.pumpEvents(Unknown Source)
[15:37:00] [AWT-EventQueue-0/INFO] [STDERR]: [java.lang.Throwable$WrappedPrintStream:println:-1]: 	at java.awt.EventDispatchThread.pumpEvents(Unknown Source)
[15:37:00] [AWT-EventQueue-0/INFO] [STDERR]: [java.lang.Throwable$WrappedPrintStream:println:-1]: 	at java.awt.EventDispatchThread.run(Unknown Source)
[15:37:12] [AWT-EventQueue-0/INFO] [STDERR]: [java.lang.Throwable$WrappedPrintStream:println:-1]: cpw.mods.fml.relauncher.FMLSecurityManager$ExitTrappedException
[15:37:12] [AWT-EventQueue-0/INFO] [STDERR]: [java.lang.Throwable$WrappedPrintStream:println:-1]: 	at cpw.mods.fml.relauncher.FMLSecurityManager.checkPermission(FMLSecurityManager.java:25)
[15:37:12] [AWT-EventQueue-0/INFO] [STDERR]: [java.lang.Throwable$WrappedPrintStream:println:-1]: 	at java.lang.SecurityManager.checkExit(Unknown Source)
[15:37:12] [AWT-EventQueue-0/INFO] [STDERR]: [java.lang.Throwable$WrappedPrintStream:println:-1]: 	at java.lang.Runtime.exit(Unknown Source)
[15:37:12] [AWT-EventQueue-0/INFO] [STDERR]: [java.lang.Throwable$WrappedPrintStream:println:-1]: 	at java.lang.System.exit(Unknown Source)
[15:37:12] [AWT-EventQueue-0/INFO] [STDERR]: [java.lang.Throwable$WrappedPrintStream:println:-1]: 	at javax.swing.JFrame.processWindowEvent(Unknown Source)
[15:37:12] [AWT-EventQueue-0/INFO] [STDERR]: [java.lang.Throwable$WrappedPrintStream:println:-1]: 	at java.awt.Window.processEvent(Unknown Source)
[15:37:12] [AWT-EventQueue-0/INFO] [STDERR]: [java.lang.Throwable$WrappedPrintStream:println:-1]: 	at java.awt.Component.dispatchEventImpl(Unknown Source)
[15:37:12] [AWT-EventQueue-0/INFO] [STDERR]: [java.lang.Throwable$WrappedPrintStream:println:-1]: 	at java.awt.Container.dispatchEventImpl(Unknown Source)
[15:37:12] [AWT-EventQueue-0/INFO] [STDERR]: [java.lang.Throwable$WrappedPrintStream:println:-1]: 	at java.awt.Window.dispatchEventImpl(Unknown Source)
[15:37:12] [AWT-EventQueue-0/INFO] [STDERR]: [java.lang.Throwable$WrappedPrintStream:println:-1]: 	at java.awt.Component.dispatchEvent(Unknown Source)
[15:37:12] [AWT-EventQueue-0/INFO] [STDERR]: [java.lang.Throwable$WrappedPrintStream:println:-1]: 	at java.awt.EventQueue.dispatchEventImpl(Unknown Source)
[15:37:12] [AWT-EventQueue-0/INFO] [STDERR]: [java.lang.Throwable$WrappedPrintStream:println:-1]: 	at java.awt.EventQueue.access$500(Unknown Source)
[15:37:12] [AWT-EventQueue-0/INFO] [STDERR]: [java.lang.Throwable$WrappedPrintStream:println:-1]: 	at java.awt.EventQueue$3.run(Unknown Source)
[15:37:12] [AWT-EventQueue-0/INFO] [STDERR]: [java.lang.Throwable$WrappedPrintStream:println:-1]: 	at java.awt.EventQueue$3.run(Unknown Source)
[15:37:12] [AWT-EventQueue-0/INFO] [STDERR]: [java.lang.Throwable$WrappedPrintStream:println:-1]: 	at java.security.AccessController.doPrivileged(Native Method)
[15:37:12] [AWT-EventQueue-0/INFO] [STDERR]: [java.lang.Throwable$WrappedPrintStream:println:-1]: 	at java.security.ProtectionDomain$JavaSecurityAccessImpl.doIntersectionPrivilege(Unknown Source)
[15:37:12] [AWT-EventQueue-0/INFO] [STDERR]: [java.lang.Throwable$WrappedPrintStream:println:-1]: 	at java.security.ProtectionDomain$JavaSecurityAccessImpl.doIntersectionPrivilege(Unknown Source)
[15:37:12] [AWT-EventQueue-0/INFO] [STDERR]: [java.lang.Throwable$WrappedPrintStream:println:-1]: 	at java.awt.EventQueue$4.run(Unknown Source)
[15:37:12] [AWT-EventQueue-0/INFO] [STDERR]: [java.lang.Throwable$WrappedPrintStream:println:-1]: 	at java.awt.EventQueue$4.run(Unknown Source)
[15:37:12] [AWT-EventQueue-0/INFO] [STDERR]: [java.lang.Throwable$WrappedPrintStream:println:-1]: 	at java.security.AccessController.doPrivileged(Native Method)
[15:37:12] [AWT-EventQueue-0/INFO] [STDERR]: [java.lang.Throwable$WrappedPrintStream:println:-1]: 	at java.security.ProtectionDomain$JavaSecurityAccessImpl.doIntersectionPrivilege(Unknown Source)
[15:37:12] [AWT-EventQueue-0/INFO] [STDERR]: [java.lang.Throwable$WrappedPrintStream:println:-1]: 	at java.awt.EventQueue.dispatchEvent(Unknown Source)
[15:37:12] [AWT-EventQueue-0/INFO] [STDERR]: [java.lang.Throwable$WrappedPrintStream:println:-1]: 	at java.awt.EventDispatchThread.pumpOneEventForFilters(Unknown Source)
[15:37:12] [AWT-EventQueue-0/INFO] [STDERR]: [java.lang.Throwable$WrappedPrintStream:println:-1]: 	at java.awt.EventDispatchThread.pumpEventsForFilter(Unknown Source)
[15:37:12] [AWT-EventQueue-0/INFO] [STDERR]: [java.lang.Throwable$WrappedPrintStream:println:-1]: 	at java.awt.EventDispatchThread.pumpEventsForHierarchy(Unknown Source)
[15:37:12] [AWT-EventQueue-0/INFO] [STDERR]: [java.lang.Throwable$WrappedPrintStream:println:-1]: 	at java.awt.EventDispatchThread.pumpEvents(Unknown Source)
[15:37:12] [AWT-EventQueue-0/INFO] [STDERR]: [java.lang.Throwable$WrappedPrintStream:println:-1]: 	at java.awt.EventDispatchThread.pumpEvents(Unknown Source)
[15:37:12] [AWT-EventQueue-0/INFO] [STDERR]: [java.lang.Throwable$WrappedPrintStream:println:-1]: 	at java.awt.EventDispatchThread.run(Unknown Source)
[15:48:42] [Thread-4/INFO] [LaunchWrapper]: Loading tweak class name cpw.mods.fml.common.launcher.FMLTweaker
[15:48:42] [Thread-4/INFO] [LaunchWrapper]: Using primary tweak class name cpw.mods.fml.common.launcher.FMLTweaker
[15:48:42] [Thread-4/INFO] [LaunchWrapper]: Calling tweak class cpw.mods.fml.common.launcher.FMLTweaker
[15:58:58] [AWT-EventQueue-0/INFO] [STDERR]: [java.lang.Throwable$WrappedPrintStream:println:-1]: cpw.mods.fml.relauncher.FMLSecurityManager$ExitTrappedException
[15:58:58] [AWT-EventQueue-0/INFO] [STDERR]: [java.lang.Throwable$WrappedPrintStream:println:-1]: 	at cpw.mods.fml.relauncher.FMLSecurityManager.checkPermission(FMLSecurityManager.java:25)
[15:58:58] [AWT-EventQueue-0/INFO] [STDERR]: [java.lang.Throwable$WrappedPrintStream:println:-1]: 	at java.lang.SecurityManager.checkExit(Unknown Source)
[15:58:58] [AWT-EventQueue-0/INFO] [STDERR]: [java.lang.Throwable$WrappedPrintStream:println:-1]: 	at java.lang.Runtime.exit(Unknown Source)
[15:58:58] [AWT-EventQueue-0/INFO] [STDERR]: [java.lang.Throwable$WrappedPrintStream:println:-1]: 	at java.lang.System.exit(Unknown Source)
[15:58:58] [AWT-EventQueue-0/INFO] [STDERR]: [java.lang.Throwable$WrappedPrintStream:println:-1]: 	at javax.swing.JFrame.processWindowEvent(Unknown Source)
[15:58:58] [AWT-EventQueue-0/INFO] [STDERR]: [java.lang.Throwable$WrappedPrintStream:println:-1]: 	at java.awt.Window.processEvent(Unknown Source)
[15:58:58] [AWT-EventQueue-0/INFO] [STDERR]: [java.lang.Throwable$WrappedPrintStream:println:-1]: 	at java.awt.Component.dispatchEventImpl(Unknown Source)
[15:58:58] [AWT-EventQueue-0/INFO] [STDERR]: [java.lang.Throwable$WrappedPrintStream:println:-1]: 	at java.awt.Container.dispatchEventImpl(Unknown Source)
[15:58:58] [AWT-EventQueue-0/INFO] [STDERR]: [java.lang.Throwable$WrappedPrintStream:println:-1]: 	at java.awt.Window.dispatchEventImpl(Unknown Source)
[15:58:58] [AWT-EventQueue-0/INFO] [STDERR]: [java.lang.Throwable$WrappedPrintStream:println:-1]: 	at java.awt.Component.dispatchEvent(Unknown Source)
[15:58:58] [AWT-EventQueue-0/INFO] [STDERR]: [java.lang.Throwable$WrappedPrintStream:println:-1]: 	at java.awt.EventQueue.dispatchEventImpl(Unknown Source)
[15:58:58] [AWT-EventQueue-0/INFO] [STDERR]: [java.lang.Throwable$WrappedPrintStream:println:-1]: 	at java.awt.EventQueue.access$500(Unknown Source)
[15:58:58] [AWT-EventQueue-0/INFO] [STDERR]: [java.lang.Throwable$WrappedPrintStream:println:-1]: 	at java.awt.EventQueue$3.run(Unknown Source)
[15:58:58] [AWT-EventQueue-0/INFO] [STDERR]: [java.lang.Throwable$WrappedPrintStream:println:-1]: 	at java.awt.EventQueue$3.run(Unknown Source)
[15:58:58] [AWT-EventQueue-0/INFO] [STDERR]: [java.lang.Throwable$WrappedPrintStream:println:-1]: 	at java.security.AccessController.doPrivileged(Native Method)
[15:58:58] [AWT-EventQueue-0/INFO] [STDERR]: [java.lang.Throwable$WrappedPrintStream:println:-1]: 	at java.security.ProtectionDomain$JavaSecurityAccessImpl.doIntersectionPrivilege(Unknown Source)
[15:58:58] [AWT-EventQueue-0/INFO] [STDERR]: [java.lang.Throwable$WrappedPrintStream:println:-1]: 	at java.security.ProtectionDomain$JavaSecurityAccessImpl.doIntersectionPrivilege(Unknown Source)
[15:58:58] [AWT-EventQueue-0/INFO] [STDERR]: [java.lang.Throwable$WrappedPrintStream:println:-1]: 	at java.awt.EventQueue$4.run(Unknown Source)
[15:58:58] [AWT-EventQueue-0/INFO] [STDERR]: [java.lang.Throwable$WrappedPrintStream:println:-1]: 	at java.awt.EventQueue$4.run(Unknown Source)
[15:58:58] [AWT-EventQueue-0/INFO] [STDERR]: [java.lang.Throwable$WrappedPrintStream:println:-1]: 	at java.security.AccessController.doPrivileged(Native Method)
[15:58:58] [AWT-EventQueue-0/INFO] [STDERR]: [java.lang.Throwable$WrappedPrintStream:println:-1]: 	at java.security.ProtectionDomain$JavaSecurityAccessImpl.doIntersectionPrivilege(Unknown Source)
[15:58:58] [AWT-EventQueue-0/INFO] [STDERR]: [java.lang.Throwable$WrappedPrintStream:println:-1]: 	at java.awt.EventQueue.dispatchEvent(Unknown Source)
[15:58:58] [AWT-EventQueue-0/INFO] [STDERR]: [java.lang.Throwable$WrappedPrintStream:println:-1]: 	at java.awt.EventDispatchThread.pumpOneEventForFilters(Unknown Source)
[15:58:58] [AWT-EventQueue-0/INFO] [STDERR]: [java.lang.Throwable$WrappedPrintStream:println:-1]: 	at java.awt.EventDispatchThread.pumpEventsForFilter(Unknown Source)
[15:58:58] [AWT-EventQueue-0/INFO] [STDERR]: [java.lang.Throwable$WrappedPrintStream:println:-1]: 	at java.awt.EventDispatchThread.pumpEventsForHierarchy(Unknown Source)
[15:58:58] [AWT-EventQueue-0/INFO] [STDERR]: [java.lang.Throwable$WrappedPrintStream:println:-1]: 	at java.awt.EventDispatchThread.pumpEvents(Unknown Source)
[15:58:58] [AWT-EventQueue-0/INFO] [STDERR]: [java.lang.Throwable$WrappedPrintStream:println:-1]: 	at java.awt.EventDispatchThread.pumpEvents(Unknown Source)
[15:58:58] [AWT-EventQueue-0/INFO] [STDERR]: [java.lang.Throwable$WrappedPrintStream:println:-1]: 	at java.awt.EventDispatchThread.run(Unknown Source)
[15:59:03] [AWT-EventQueue-0/INFO] [STDERR]: [java.lang.Throwable$WrappedPrintStream:println:-1]: cpw.mods.fml.relauncher.FMLSecurityManager$ExitTrappedException
[15:59:03] [AWT-EventQueue-0/INFO] [STDERR]: [java.lang.Throwable$WrappedPrintStream:println:-1]: 	at cpw.mods.fml.relauncher.FMLSecurityManager.checkPermission(FMLSecurityManager.java:25)
[15:59:03] [AWT-EventQueue-0/INFO] [STDERR]: [java.lang.Throwable$WrappedPrintStream:println:-1]: 	at java.lang.SecurityManager.checkExit(Unknown Source)
[15:59:03] [AWT-EventQueue-0/INFO] [STDERR]: [java.lang.Throwable$WrappedPrintStream:println:-1]: 	at java.lang.Runtime.exit(Unknown Source)
[15:59:03] [AWT-EventQueue-0/INFO] [STDERR]: [java.lang.Throwable$WrappedPrintStream:println:-1]: 	at java.lang.System.exit(Unknown Source)
[15:59:03] [AWT-EventQueue-0/INFO] [STDERR]: [java.lang.Throwable$WrappedPrintStream:println:-1]: 	at javax.swing.JFrame.processWindowEvent(Unknown Source)
[15:59:03] [AWT-EventQueue-0/INFO] [STDERR]: [java.lang.Throwable$WrappedPrintStream:println:-1]: 	at java.awt.Window.processEvent(Unknown Source)
[15:59:03] [AWT-EventQueue-0/INFO] [STDERR]: [java.lang.Throwable$WrappedPrintStream:println:-1]: 	at java.awt.Component.dispatchEventImpl(Unknown Source)
[15:59:03] [AWT-EventQueue-0/INFO] [STDERR]: [java.lang.Throwable$WrappedPrintStream:println:-1]: 	at java.awt.Container.dispatchEventImpl(Unknown Source)
[15:59:03] [AWT-EventQueue-0/INFO] [STDERR]: [java.lang.Throwable$WrappedPrintStream:println:-1]: 	at java.awt.Window.dispatchEventImpl(Unknown Source)
[15:59:03] [AWT-EventQueue-0/INFO] [STDERR]: [java.lang.Throwable$WrappedPrintStream:println:-1]: 	at java.awt.Component.dispatchEvent(Unknown Source)
[15:59:03] [AWT-EventQueue-0/INFO] [STDERR]: [java.lang.Throwable$WrappedPrintStream:println:-1]: 	at java.awt.EventQueue.dispatchEventImpl(Unknown Source)
[15:59:03] [AWT-EventQueue-0/INFO] [STDERR]: [java.lang.Throwable$WrappedPrintStream:println:-1]: 	at java.awt.EventQueue.access$500(Unknown Source)
[15:59:03] [AWT-EventQueue-0/INFO] [STDERR]: [java.lang.Throwable$WrappedPrintStream:println:-1]: 	at java.awt.EventQueue$3.run(Unknown Source)
[15:59:03] [AWT-EventQueue-0/INFO] [STDERR]: [java.lang.Throwable$WrappedPrintStream:println:-1]: 	at java.awt.EventQueue$3.run(Unknown Source)
[15:59:03] [AWT-EventQueue-0/INFO] [STDERR]: [java.lang.Throwable$WrappedPrintStream:println:-1]: 	at java.security.AccessController.doPrivileged(Native Method)
[15:59:03] [AWT-EventQueue-0/INFO] [STDERR]: [java.lang.Throwable$WrappedPrintStream:println:-1]: 	at java.security.ProtectionDomain$JavaSecurityAccessImpl.doIntersectionPrivilege(Unknown Source)
[15:59:03] [AWT-EventQueue-0/INFO] [STDERR]: [java.lang.Throwable$WrappedPrintStream:println:-1]: 	at java.security.ProtectionDomain$JavaSecurityAccessImpl.doIntersectionPrivilege(Unknown Source)
[15:59:03] [AWT-EventQueue-0/INFO] [STDERR]: [java.lang.Throwable$WrappedPrintStream:println:-1]: 	at java.awt.EventQueue$4.run(Unknown Source)
[15:59:03] [AWT-EventQueue-0/INFO] [STDERR]: [java.lang.Throwable$WrappedPrintStream:println:-1]: 	at java.awt.EventQueue$4.run(Unknown Source)
[15:59:03] [AWT-EventQueue-0/INFO] [STDERR]: [java.lang.Throwable$WrappedPrintStream:println:-1]: 	at java.security.AccessController.doPrivileged(Native Method)
[15:59:03] [AWT-EventQueue-0/INFO] [STDERR]: [java.lang.Throwable$WrappedPrintStream:println:-1]: 	at java.security.ProtectionDomain$JavaSecurityAccessImpl.doIntersectionPrivilege(Unknown Source)
[15:59:03] [AWT-EventQueue-0/INFO] [STDERR]: [java.lang.Throwable$WrappedPrintStream:println:-1]: 	at java.awt.EventQueue.dispatchEvent(Unknown Source)
[15:59:03] [AWT-EventQueue-0/INFO] [STDERR]: [java.lang.Throwable$WrappedPrintStream:println:-1]: 	at java.awt.EventDispatchThread.pumpOneEventForFilters(Unknown Source)
[15:59:03] [AWT-EventQueue-0/INFO] [STDERR]: [java.lang.Throwable$WrappedPrintStream:println:-1]: 	at java.awt.EventDispatchThread.pumpEventsForFilter(Unknown Source)
[15:59:03] [AWT-EventQueue-0/INFO] [STDERR]: [java.lang.Throwable$WrappedPrintStream:println:-1]: 	at java.awt.EventDispatchThread.pumpEventsForHierarchy(Unknown Source)
[15:59:03] [AWT-EventQueue-0/INFO] [STDERR]: [java.lang.Throwable$WrappedPrintStream:println:-1]: 	at java.awt.EventDispatchThread.pumpEvents(Unknown Source)
[15:59:03] [AWT-EventQueue-0/INFO] [STDERR]: [java.lang.Throwable$WrappedPrintStream:println:-1]: 	at java.awt.EventDispatchThread.pumpEvents(Unknown Source)
[15:59:03] [AWT-EventQueue-0/INFO] [STDERR]: [java.lang.Throwable$WrappedPrintStream:println:-1]: 	at java.awt.EventDispatchThread.run(Unknown Source)
[16:02:04] [Thread-4/INFO] [LaunchWrapper]: Loading tweak class name cpw.mods.fml.common.launcher.FMLTweaker
[16:02:04] [Thread-4/INFO] [LaunchWrapper]: Using primary tweak class name cpw.mods.fml.common.launcher.FMLTweaker
[16:02:04] [Thread-4/INFO] [LaunchWrapper]: Calling tweak class cpw.mods.fml.common.launcher.FMLTweaker
